<?xml version="1.0" encoding="UTF-8"?>
<!-- Generated by org.testng.reporters.JUnitXMLReporter -->
<testsuite ignored="0" hostname="Karthi" failures="0" tests="6" name="Test" time="10.844" errors="0" timestamp="2022-06-20T12:48:00 IST">
  <testcase classname="toDoMVCScripts.VerifyAddedToDoList" name="verifyAddItem" time="0.083"/>
  <testcase classname="toDoMVCScripts.VerifyFilteringToDoStatus" name="validateFooterForActiveaddedItem" time="0.181"/>
  <testcase classname="toDoMVCScripts.VerifyFilteringToDoStatus" name="validateFooterForCompleteaddedItem" time="0.182"/>
  <testcase classname="toDoMVCScripts.VerifyRemoveToDoTask" name="removeAddedTask" time="0.396"/>
  <testcase classname="toDoMVCScripts.VerifyMarkAsCompleteToDoTask" name="completeaddedItem" time="0.205"/>
  <testcase classname="toDoMVCScripts.VerifyMarkAsCompleteToDoTask" name="validateFooterCount" time="0.042"/>
</testsuite> <!-- Test -->
